\BOOKMARK [0][]{chapter.1}{\376\377\0001\000\040\123\360\116\055\131\163\116\055}{}% 1
\BOOKMARK [1][]{section.1.1}{\376\377\0001\000.\0001\000\040\130\153\121\105\230\114}{chapter.1}% 2
\BOOKMARK [1][]{section.1.2}{\376\377\0001\000.\0002\000\040\212\010\173\227\230\114}{chapter.1}% 3
\BOOKMARK [0][]{chapter.2}{\376\377\0002\000\040\142\020\137\267\232\330\116\055}{}% 4
\BOOKMARK [1][]{section.2.1}{\376\377\0002\000.\0001\000\040\125\256\220\170\230\114}{chapter.2}% 5
\BOOKMARK [1][]{section.2.2}{\376\377\0002\000.\0002\000\040\131\032\220\170\230\114}{chapter.2}% 6
\BOOKMARK [1][]{section.2.3}{\376\377\0002\000.\0003\000\040\212\010\173\227\230\114}{chapter.2}% 7
\BOOKMARK [0][]{chapter.3}{\376\377\0003\000\040\145\207\203\357\232\330\116\055\0001\0000\0009}{}% 8
\BOOKMARK [1][]{section.3.1}{\376\377\0003\000.\0001\000\040\130\153\121\105\230\114}{chapter.3}% 9
\BOOKMARK [0][]{chapter.4}{\376\377\0004\000\040\232\330\226\304\200\157\142\333\0001\0000\0009}{}% 10
\BOOKMARK [1][]{section.4.1}{\376\377\0004\000.\0001\000\040\212\010\173\227\230\114}{chapter.4}% 11
\BOOKMARK [1][]{section.4.2}{\376\377\0004\000.\0002\000\040\165\063\212\326\230\114}{chapter.4}% 12
\BOOKMARK [0][]{chapter.5}{\376\377\0005\000\040\121\150\127\013\200\157\142\333\0001\0000\0009}{}% 13
\BOOKMARK [1][]{section.5.1}{\376\377\0005\000.\0001\000\040\125\256\220\170\230\114}{chapter.5}% 14
\BOOKMARK [1][]{section.5.2}{\376\377\0005\000.\0002\000\040\130\153\121\105\230\114}{chapter.5}% 15
\BOOKMARK [1][]{section.5.3}{\376\377\0005\000.\0003\000\040\212\010\173\227\230\114}{chapter.5}% 16
\BOOKMARK [1][]{section.5.4}{\376\377\0005\000.\0004\000\040\213\111\146\016\230\114}{chapter.5}% 17
\BOOKMARK [0][]{chapter.6}{\376\377\0006\000\040\116\055\130\342\232\330\116\055\0001\0000\0009}{}% 18
\BOOKMARK [1][]{section.6.1}{\376\377\0006\000.\0001\000\040\130\153\121\105\230\114}{chapter.6}% 19
\BOOKMARK [1][]{section.6.2}{\376\377\0006\000.\0002\000\040\227\136\220\170\230\114}{chapter.6}% 20
\BOOKMARK [0][]{chapter.7}{\376\377\0007\000\040\150\103\127\022\200\157\142\333\0001\0000\0009}{}% 21
\BOOKMARK [1][]{section.7.1}{\376\377\0007\000.\0001\000\040\130\153\121\105\230\114}{chapter.7}% 22
\BOOKMARK [0][]{chapter.8}{\376\377\0008\000\040\150\103\127\022\232\330\116\055\0001\0000\0009}{}% 23
\BOOKMARK [1][]{section.8.1}{\376\377\0008\000.\0001\000\040\130\153\121\105\230\114}{chapter.8}% 24
\BOOKMARK [0][]{chapter.9}{\376\377\0009\000\040\137\251\202\010\232\330\116\055\0001\0000\0009}{}% 25
\BOOKMARK [1][]{section.9.1}{\376\377\0009\000.\0001\000\040\130\153\121\105\230\114}{chapter.9}% 26
\BOOKMARK [1][]{section.9.2}{\376\377\0009\000.\0002\000\040\230\114\175\104\230\114}{chapter.9}% 27
