\BOOKMARK [0][]{chapter.1}{\376\377\0001\000\040\145\170\133\170\211\007\177\322}{}% 1
\BOOKMARK [1][]{section.1.1}{\376\377\0001\000.\0001\000\040\116\011\211\322\121\375\145\170}{chapter.1}% 2
\BOOKMARK [1][]{section.1.2}{\376\377\0001\000.\0002\000\040\124\021\221\317}{chapter.1}% 3
\BOOKMARK [1][]{section.1.3}{\376\377\0001\000.\0003\000\040\137\256\172\115\122\006}{chapter.1}% 4
\BOOKMARK [0][]{chapter.2}{\376\377\0002\000\040\122\233\133\170}{}% 5
\BOOKMARK [1][]{section.2.1}{\376\377\0002\000.\0001\000\040\166\364\175\332\220\113\122\325\202\007\136\163\227\142\220\113\122\325}{chapter.2}% 6
\BOOKMARK [2][]{subsection.2.1.1}{\376\377\0002\000.\0001\000.\0001\000\040\221\315\236\336\145\164\164\006}{section.2.1}% 7
\BOOKMARK [2][]{subsection.2.1.2}{\376\377\0002\000.\0001\000.\0002\000\040\200\003\123\344\230\114\175\364\177\322}{section.2.1}% 8
\BOOKMARK [1][]{section.2.2}{\376\377\0002\000.\0002\000\040\227\134\122\233\136\163\210\141}{chapter.2}% 9
\BOOKMARK [2][]{subsection.2.2.1}{\376\377\0002\000.\0002\000.\0001\000\040\221\315\236\336\145\164\164\006}{section.2.2}% 10
\BOOKMARK [2][]{subsection.2.2.2}{\376\377\0002\000.\0002\000.\0002\000\040\200\003\123\344\230\114\175\364\177\322}{section.2.2}% 11
\BOOKMARK [1][]{section.2.3}{\376\377\0002\000.\0003\000\040\122\237\200\375}{chapter.2}% 12
\BOOKMARK [2][]{subsection.2.3.1}{\376\377\0002\000.\0003\000.\0001\000\040\221\315\236\336\145\164\164\006}{section.2.3}% 13
\BOOKMARK [2][]{subsection.2.3.2}{\376\377\0002\000.\0003\000.\0002\000\040\200\003\123\344\230\114\175\364\177\322}{section.2.3}% 14
\BOOKMARK [1][]{section.2.4}{\376\377\0002\000.\0004\000\040\127\023\124\150\220\113\122\325}{chapter.2}% 15
\BOOKMARK [2][]{subsection.2.4.1}{\376\377\0002\000.\0004\000.\0001\000\040\221\315\236\336\145\164\164\006}{section.2.4}% 16
\BOOKMARK [2][]{subsection.2.4.2}{\376\377\0002\000.\0004\000.\0002\000\040\200\003\123\344\230\114\175\364\177\322}{section.2.4}% 17
\BOOKMARK [1][]{section.2.5}{\376\377\0002\000.\0005\000\040\204\054\147\011\137\025\122\233}{chapter.2}% 18
\BOOKMARK [2][]{subsection.2.5.1}{\376\377\0002\000.\0005\000.\0001\000\040\221\315\236\336\145\164\164\006}{section.2.5}% 19
\BOOKMARK [2][]{subsection.2.5.2}{\376\377\0002\000.\0005\000.\0002\000\040\200\003\123\344\230\114\175\364\177\322}{section.2.5}% 20
\BOOKMARK [1][]{section.2.6}{\376\377\0002\000.\0006\000\040\174\041\212\347\220\113\122\325}{chapter.2}% 21
\BOOKMARK [2][]{subsection.2.6.1}{\376\377\0002\000.\0006\000.\0001\000\040\221\315\236\336\145\164\164\006}{section.2.6}% 22
\BOOKMARK [2][]{subsection.2.6.2}{\376\377\0002\000.\0006\000.\0002\000\040\200\003\123\344\230\114\175\364\177\322}{section.2.6}% 23
\BOOKMARK [1][]{section.2.7}{\376\377\0002\000.\0007\000\040\122\325\221\317\202\007\210\135\221\317}{chapter.2}% 24
\BOOKMARK [2][]{subsection.2.7.1}{\376\377\0002\000.\0007\000.\0001\000\040\221\315\236\336\145\164\164\006}{section.2.7}% 25
\BOOKMARK [2][]{subsection.2.7.2}{\376\377\0002\000.\0007\000.\0002\000\040\200\003\123\344\230\114\175\364\177\322}{section.2.7}% 26
\BOOKMARK [1][]{section.2.8}{\376\377\0002\000.\0008\000\040\170\260\144\236}{chapter.2}% 27
\BOOKMARK [2][]{subsection.2.8.1}{\376\377\0002\000.\0008\000.\0001\000\040\221\315\236\336\145\164\164\006}{section.2.8}% 28
\BOOKMARK [2][]{subsection.2.8.2}{\376\377\0002\000.\0008\000.\0002\000\040\200\003\123\344\230\114\175\364\177\322}{section.2.8}% 29
\BOOKMARK [1][]{section.2.9}{\376\377\0002\000.\0009\000\040\161\261}{chapter.2}% 30
\BOOKMARK [2][]{subsection.2.9.1}{\376\377\0002\000.\0009\000.\0001\000\040\221\315\236\336\145\164\164\006}{section.2.9}% 31
\BOOKMARK [2][]{subsection.2.9.2}{\376\377\0002\000.\0009\000.\0002\000\040\200\003\123\344\230\114\175\364\177\322}{section.2.9}% 32
\BOOKMARK [1][]{section.2.10}{\376\377\0002\000.\0001\0000\000\040\154\342}{chapter.2}% 33
\BOOKMARK [2][]{subsection.2.10.1}{\376\377\0002\000.\0001\0000\000.\0001\000\040\221\315\236\336\145\164\164\006}{section.2.10}% 34
\BOOKMARK [2][]{subsection.2.10.2}{\376\377\0002\000.\0001\0000\000.\0002\000\040\200\003\123\344\230\114\175\364\177\322}{section.2.10}% 35
